demo/build/intermediates/manifest_merge_blame_file/debug/processDebugMainManifest/manifest-merger-blame-debug-report.txt
1<?xml version="1.0" encoding="utf-8"?>
2<manifest xmlns:android="http://schemas.android.com/apk/res/android"
3    package="com.encorekit.kmp.demo"
4    android:versionCode="1"
5    android:versionName="1.0" >
6
7    <uses-sdk
8        android:minSdkVersion="26"
9        android:targetSdkVersion="34" />
10
11    <uses-permission android:name="android.permission.INTERNET" />
11-->src/main/AndroidManifest.xml:4:5-67
11-->src/main/AndroidManifest.xml:4:22-64
12    <uses-permission android:name="com.android.vending.BILLING" />
12-->[:encore-android:encore] AndroidManifest.xml:8:5-67
12-->[:encore-android:encore] AndroidManifest.xml:8:22-64
13
14    <queries>
14-->[com.android.billingclient:billing:7.1.1] AndroidManifest.xml:12:5-19:15
15        <intent>
15-->[com.android.billingclient:billing:7.1.1] AndroidManifest.xml:13:9-15:18
16            <action android:name="com.android.vending.billing.InAppBillingService.BIND" />
16-->[com.android.billingclient:billing:7.1.1] AndroidManifest.xml:14:13-91
16-->[com.android.billingclient:billing:7.1.1] AndroidManifest.xml:14:21-88
17        </intent>
18        <intent>
18-->[com.android.billingclient:billing:7.1.1] AndroidManifest.xml:16:9-18:18
19            <action android:name="com.google.android.apps.play.billingtestcompanion.BillingOverrideService.BIND" />
19-->[com.android.billingclient:billing:7.1.1] AndroidManifest.xml:17:13-116
19-->[com.android.billingclient:billing:7.1.1] AndroidManifest.xml:17:21-113
20        </intent>
21    </queries>
22
23    <permission
23-->[androidx.core:core:1.13.0] AndroidManifest.xml:22:5-24:47
24        android:name="com.encorekit.kmp.demo.DYNAMIC_RECEIVER_NOT_EXPORTED_PERMISSION"
24-->[androidx.core:core:1.13.0] AndroidManifest.xml:23:9-81
25        android:protectionLevel="signature" />
25-->[androidx.core:core:1.13.0] AndroidManifest.xml:24:9-44
26
27    <uses-permission android:name="com.encorekit.kmp.demo.DYNAMIC_RECEIVER_NOT_EXPORTED_PERMISSION" /> <!-- Although the *SdkVersion is captured in gradle build files, this is required for non gradle builds -->
27-->[androidx.core:core:1.13.0] AndroidManifest.xml:26:5-97
27-->[androidx.core:core:1.13.0] AndroidManifest.xml:26:22-94
28    <!-- <uses-sdk android:minSdkVersion="14"/> -->
29    <uses-permission android:name="android.permission.ACCESS_NETWORK_STATE" />
29-->[com.google.android.datatransport:transport-backend-cct:3.1.8] AndroidManifest.xml:24:5-79
29-->[com.google.android.datatransport:transport-backend-cct:3.1.8] AndroidManifest.xml:24:22-76
30
31    <application
31-->src/main/AndroidManifest.xml:6:5-26:19
32        android:name="com.encorekit.kmp.demo.DemoApplication"
32-->src/main/AndroidManifest.xml:7:9-40
33        android:allowBackup="true"
33-->src/main/AndroidManifest.xml:8:9-35
34        android:appComponentFactory="androidx.core.app.CoreComponentFactory"
34-->[androidx.core:core:1.13.0] AndroidManifest.xml:28:18-86
35        android:debuggable="true"
36        android:extractNativeLibs="false"
37        android:label="Encore KMP Demo"
37-->src/main/AndroidManifest.xml:9:9-40
38        android:networkSecurityConfig="@xml/network_security_config"
38-->src/main/AndroidManifest.xml:10:9-69
39        android:supportsRtl="true"
39-->src/main/AndroidManifest.xml:11:9-35
40        android:theme="@android:style/Theme.Material.Light.NoActionBar" >
40-->src/main/AndroidManifest.xml:12:9-72
41        <meta-data
41-->src/main/AndroidManifest.xml:14:9-16:42
42            android:name="com.encorekit.environment"
42-->src/main/AndroidManifest.xml:15:13-53
43            android:value="production" />
43-->src/main/AndroidManifest.xml:16:13-39
44
45        <activity
45-->src/main/AndroidManifest.xml:18:9-25:20
46            android:name="com.encorekit.kmp.demo.MainActivity"
46-->src/main/AndroidManifest.xml:19:13-41
47            android:exported="true" >
47-->src/main/AndroidManifest.xml:20:13-36
48            <intent-filter>
48-->src/main/AndroidManifest.xml:21:13-24:29
49                <action android:name="android.intent.action.MAIN" />
49-->src/main/AndroidManifest.xml:22:17-69
49-->src/main/AndroidManifest.xml:22:25-66
50
51                <category android:name="android.intent.category.LAUNCHER" />
51-->src/main/AndroidManifest.xml:23:17-77
51-->src/main/AndroidManifest.xml:23:27-74
52            </intent-filter>
53        </activity>
54        <activity
54-->[:encore-android:encore] AndroidManifest.xml:11:9-14:64
55            android:name="com.encorekit.encore.presentation.offers.OfferSheetActivity"
55-->[:encore-android:encore] AndroidManifest.xml:12:13-87
56            android:exported="false"
56-->[:encore-android:encore] AndroidManifest.xml:13:13-37
57            android:theme="@style/EncoreTransparentActivity" />
57-->[:encore-android:encore] AndroidManifest.xml:14:13-61
58        <activity
58-->[androidx.compose.ui:ui-tooling-android:1.6.3] AndroidManifest.xml:23:9-25:39
59            android:name="androidx.compose.ui.tooling.PreviewActivity"
59-->[androidx.compose.ui:ui-tooling-android:1.6.3] AndroidManifest.xml:24:13-71
60            android:exported="true" />
60-->[androidx.compose.ui:ui-tooling-android:1.6.3] AndroidManifest.xml:25:13-36
61
62        <meta-data
62-->[com.android.billingclient:billing:7.1.1] AndroidManifest.xml:22:9-24:37
63            android:name="com.google.android.play.billingclient.version"
63-->[com.android.billingclient:billing:7.1.1] AndroidManifest.xml:23:13-73
64            android:value="7.1.1" />
64-->[com.android.billingclient:billing:7.1.1] AndroidManifest.xml:24:13-34
65
66        <activity
66-->[com.android.billingclient:billing:7.1.1] AndroidManifest.xml:26:9-30:75
67            android:name="com.android.billingclient.api.ProxyBillingActivity"
67-->[com.android.billingclient:billing:7.1.1] AndroidManifest.xml:27:13-78
68            android:configChanges="keyboard|keyboardHidden|screenLayout|screenSize|orientation"
68-->[com.android.billingclient:billing:7.1.1] AndroidManifest.xml:28:13-96
69            android:exported="false"
69-->[com.android.billingclient:billing:7.1.1] AndroidManifest.xml:29:13-37
70            android:theme="@android:style/Theme.Translucent.NoTitleBar" />
70-->[com.android.billingclient:billing:7.1.1] AndroidManifest.xml:30:13-72
71        <activity
71-->[com.android.billingclient:billing:7.1.1] AndroidManifest.xml:31:9-35:75
72            android:name="com.android.billingclient.api.ProxyBillingActivityV2"
72-->[com.android.billingclient:billing:7.1.1] AndroidManifest.xml:32:13-80
73            android:configChanges="keyboard|keyboardHidden|screenLayout|screenSize|orientation"
73-->[com.android.billingclient:billing:7.1.1] AndroidManifest.xml:33:13-96
74            android:exported="false"
74-->[com.android.billingclient:billing:7.1.1] AndroidManifest.xml:34:13-37
75            android:theme="@android:style/Theme.Translucent.NoTitleBar" />
75-->[com.android.billingclient:billing:7.1.1] AndroidManifest.xml:35:13-72
76        <activity
76-->[com.google.android.gms:play-services-base:18.5.0] AndroidManifest.xml:5:9-173
77            android:name="com.google.android.gms.common.api.GoogleApiActivity"
77-->[com.google.android.gms:play-services-base:18.5.0] AndroidManifest.xml:5:19-85
78            android:exported="false"
78-->[com.google.android.gms:play-services-base:18.5.0] AndroidManifest.xml:5:146-170
79            android:theme="@android:style/Theme.Translucent.NoTitleBar" />
79-->[com.google.android.gms:play-services-base:18.5.0] AndroidManifest.xml:5:86-145
80
81        <meta-data
81-->[com.google.android.gms:play-services-basement:18.4.0] AndroidManifest.xml:6:9-122
82            android:name="com.google.android.gms.version"
82-->[com.google.android.gms:play-services-basement:18.4.0] AndroidManifest.xml:6:20-65
83            android:value="@integer/google_play_services_version" />
83-->[com.google.android.gms:play-services-basement:18.4.0] AndroidManifest.xml:6:66-119
84
85        <provider
85-->[androidx.emoji2:emoji2:1.3.0] AndroidManifest.xml:24:9-32:20
86            android:name="androidx.startup.InitializationProvider"
86-->[androidx.emoji2:emoji2:1.3.0] AndroidManifest.xml:25:13-67
87            android:authorities="com.encorekit.kmp.demo.androidx-startup"
87-->[androidx.emoji2:emoji2:1.3.0] AndroidManifest.xml:26:13-68
88            android:exported="false" >
88-->[androidx.emoji2:emoji2:1.3.0] AndroidManifest.xml:27:13-37
89            <meta-data
89-->[androidx.emoji2:emoji2:1.3.0] AndroidManifest.xml:29:13-31:52
90                android:name="androidx.emoji2.text.EmojiCompatInitializer"
90-->[androidx.emoji2:emoji2:1.3.0] AndroidManifest.xml:30:17-75
91                android:value="androidx.startup" />
91-->[androidx.emoji2:emoji2:1.3.0] AndroidManifest.xml:31:17-49
92            <meta-data
92-->[androidx.lifecycle:lifecycle-process:2.8.7] AndroidManifest.xml:29:13-31:52
93                android:name="androidx.lifecycle.ProcessLifecycleInitializer"
93-->[androidx.lifecycle:lifecycle-process:2.8.7] AndroidManifest.xml:30:17-78
94                android:value="androidx.startup" />
94-->[androidx.lifecycle:lifecycle-process:2.8.7] AndroidManifest.xml:31:17-49
95            <meta-data
95-->[androidx.profileinstaller:profileinstaller:1.3.1] AndroidManifest.xml:29:13-31:52
96                android:name="androidx.profileinstaller.ProfileInstallerInitializer"
96-->[androidx.profileinstaller:profileinstaller:1.3.1] AndroidManifest.xml:30:17-85
97                android:value="androidx.startup" />
97-->[androidx.profileinstaller:profileinstaller:1.3.1] AndroidManifest.xml:31:17-49
98        </provider>
99
100        <receiver
100-->[androidx.profileinstaller:profileinstaller:1.3.1] AndroidManifest.xml:34:9-52:20
101            android:name="androidx.profileinstaller.ProfileInstallReceiver"
101-->[androidx.profileinstaller:profileinstaller:1.3.1] AndroidManifest.xml:35:13-76
102            android:directBootAware="false"
102-->[androidx.profileinstaller:profileinstaller:1.3.1] AndroidManifest.xml:36:13-44
103            android:enabled="true"
103-->[androidx.profileinstaller:profileinstaller:1.3.1] AndroidManifest.xml:37:13-35
104            android:exported="true"
104-->[androidx.profileinstaller:profileinstaller:1.3.1] AndroidManifest.xml:38:13-36
105            android:permission="android.permission.DUMP" >
105-->[androidx.profileinstaller:profileinstaller:1.3.1] AndroidManifest.xml:39:13-57
106            <intent-filter>
106-->[androidx.profileinstaller:profileinstaller:1.3.1] AndroidManifest.xml:40:13-42:29
107                <action android:name="androidx.profileinstaller.action.INSTALL_PROFILE" />
107-->[androidx.profileinstaller:profileinstaller:1.3.1] AndroidManifest.xml:41:17-91
107-->[androidx.profileinstaller:profileinstaller:1.3.1] AndroidManifest.xml:41:25-88
108            </intent-filter>
109            <intent-filter>
109-->[androidx.profileinstaller:profileinstaller:1.3.1] AndroidManifest.xml:43:13-45:29
110                <action android:name="androidx.profileinstaller.action.SKIP_FILE" />
110-->[androidx.profileinstaller:profileinstaller:1.3.1] AndroidManifest.xml:44:17-85
110-->[androidx.profileinstaller:profileinstaller:1.3.1] AndroidManifest.xml:44:25-82
111            </intent-filter>
112            <intent-filter>
112-->[androidx.profileinstaller:profileinstaller:1.3.1] AndroidManifest.xml:46:13-48:29
113                <action android:name="androidx.profileinstaller.action.SAVE_PROFILE" />
113-->[androidx.profileinstaller:profileinstaller:1.3.1] AndroidManifest.xml:47:17-88
113-->[androidx.profileinstaller:profileinstaller:1.3.1] AndroidManifest.xml:47:25-85
114            </intent-filter>
115            <intent-filter>
115-->[androidx.profileinstaller:profileinstaller:1.3.1] AndroidManifest.xml:49:13-51:29
116                <action android:name="androidx.profileinstaller.action.BENCHMARK_OPERATION" />
116-->[androidx.profileinstaller:profileinstaller:1.3.1] AndroidManifest.xml:50:17-95
116-->[androidx.profileinstaller:profileinstaller:1.3.1] AndroidManifest.xml:50:25-92
117            </intent-filter>
118        </receiver>
119
120        <service
120-->[com.google.android.datatransport:transport-backend-cct:3.1.8] AndroidManifest.xml:28:9-34:19
121            android:name="com.google.android.datatransport.runtime.backends.TransportBackendDiscovery"
121-->[com.google.android.datatransport:transport-backend-cct:3.1.8] AndroidManifest.xml:29:13-103
122            android:exported="false" >
122-->[com.google.android.datatransport:transport-backend-cct:3.1.8] AndroidManifest.xml:30:13-37
123            <meta-data
123-->[com.google.android.datatransport:transport-backend-cct:3.1.8] AndroidManifest.xml:31:13-33:39
124                android:name="backend:com.google.android.datatransport.cct.CctBackendFactory"
124-->[com.google.android.datatransport:transport-backend-cct:3.1.8] AndroidManifest.xml:32:17-94
125                android:value="cct" />
125-->[com.google.android.datatransport:transport-backend-cct:3.1.8] AndroidManifest.xml:33:17-36
126        </service>
127        <service
127-->[com.google.android.datatransport:transport-runtime:3.1.8] AndroidManifest.xml:26:9-30:19
128            android:name="com.google.android.datatransport.runtime.scheduling.jobscheduling.JobInfoSchedulerService"
128-->[com.google.android.datatransport:transport-runtime:3.1.8] AndroidManifest.xml:27:13-117
129            android:exported="false"
129-->[com.google.android.datatransport:transport-runtime:3.1.8] AndroidManifest.xml:28:13-37
130            android:permission="android.permission.BIND_JOB_SERVICE" >
130-->[com.google.android.datatransport:transport-runtime:3.1.8] AndroidManifest.xml:29:13-69
131        </service>
132
133        <receiver
133-->[com.google.android.datatransport:transport-runtime:3.1.8] AndroidManifest.xml:32:9-34:40
134            android:name="com.google.android.datatransport.runtime.scheduling.jobscheduling.AlarmManagerSchedulerBroadcastReceiver"
134-->[com.google.android.datatransport:transport-runtime:3.1.8] AndroidManifest.xml:33:13-132
135            android:exported="false" />
135-->[com.google.android.datatransport:transport-runtime:3.1.8] AndroidManifest.xml:34:13-37
136    </application>
137
138</manifest>